This is pdfTeX, Version 3.1415926-2.5-1.40.14 (TeX Live 2013/TeX Live for SUSE Linux) (format=pdflatex 2015.1.6)  24 AUG 2015 20:39
entering extended mode
 restricted \write18 enabled.
 %&-line parsing enabled.
**masterThesis_Vaillant.tex
(./masterThesis_Vaillant.tex
LaTeX2e <2011/06/27>
Babel <3.9f> and hyphenation patterns for 78 languages loaded.
(/usr/share/texmf/tex/latex/base/report.cls
Document Class: report 2007/10/19 v1.4h Standard LaTeX document class
(/usr/share/texmf/tex/latex/base/size11.clo
File: size11.clo 2007/10/19 v1.4h Standard LaTeX file (size option)
)
\c@part=\count79
\c@chapter=\count80
\c@section=\count81
\c@subsection=\count82
\c@subsubsection=\count83
\c@paragraph=\count84
\c@subparagraph=\count85
\c@figure=\count86
\c@table=\count87
\abovecaptionskip=\skip41
\belowcaptionskip=\skip42
\bibindent=\dimen102
)
(/usr/share/texmf/tex/latex/base/inputenc.sty
Package: inputenc 2008/03/30 v1.1d Input encoding file
\inpenc@prehook=\toks14
\inpenc@posthook=\toks15

(/usr/share/texmf/tex/latex/base/utf8.def
File: utf8.def 2008/04/05 v1.1m UTF-8 support for inputenc
Now handling font encoding OML ...
... no UTF-8 mapping file for font encoding OML
Now handling font encoding T1 ...
... processing UTF-8 mapping file for font encoding T1

(/usr/share/texmf/tex/latex/base/t1enc.dfu
File: t1enc.dfu 2008/04/05 v1.1m UTF-8 support for inputenc
   defining Unicode char U+00A1 (decimal 161)
   defining Unicode char U+00A3 (decimal 163)
   defining Unicode char U+00AB (decimal 171)
   defining Unicode char U+00BB (decimal 187)
   defining Unicode char U+00BF (decimal 191)
   defining Unicode char U+00C0 (decimal 192)
   defining Unicode char U+00C1 (decimal 193)
   defining Unicode char U+00C2 (decimal 194)
   defining Unicode char U+00C3 (decimal 195)
   defining Unicode char U+00C4 (decimal 196)
   defining Unicode char U+00C5 (decimal 197)
   defining Unicode char U+00C6 (decimal 198)
   defining Unicode char U+00C7 (decimal 199)
   defining Unicode char U+00C8 (decimal 200)
   defining Unicode char U+00C9 (decimal 201)
   defining Unicode char U+00CA (decimal 202)
   defining Unicode char U+00CB (decimal 203)
   defining Unicode char U+00CC (decimal 204)
   defining Unicode char U+00CD (decimal 205)
   defining Unicode char U+00CE (decimal 206)
   defining Unicode char U+00CF (decimal 207)
   defining Unicode char U+00D0 (decimal 208)
   defining Unicode char U+00D1 (decimal 209)
   defining Unicode char U+00D2 (decimal 210)
   defining Unicode char U+00D3 (decimal 211)
   defining Unicode char U+00D4 (decimal 212)
   defining Unicode char U+00D5 (decimal 213)
   defining Unicode char U+00D6 (decimal 214)
   defining Unicode char U+00D8 (decimal 216)
   defining Unicode char U+00D9 (decimal 217)
   defining Unicode char U+00DA (decimal 218)
   defining Unicode char U+00DB (decimal 219)
   defining Unicode char U+00DC (decimal 220)
   defining Unicode char U+00DD (decimal 221)
   defining Unicode char U+00DE (decimal 222)
   defining Unicode char U+00DF (decimal 223)
   defining Unicode char U+00E0 (decimal 224)
   defining Unicode char U+00E1 (decimal 225)
   defining Unicode char U+00E2 (decimal 226)
   defining Unicode char U+00E3 (decimal 227)
   defining Unicode char U+00E4 (decimal 228)
   defining Unicode char U+00E5 (decimal 229)
   defining Unicode char U+00E6 (decimal 230)
   defining Unicode char U+00E7 (decimal 231)
   defining Unicode char U+00E8 (decimal 232)
   defining Unicode char U+00E9 (decimal 233)
   defining Unicode char U+00EA (decimal 234)
   defining Unicode char U+00EB (decimal 235)
   defining Unicode char U+00EC (decimal 236)
   defining Unicode char U+00ED (decimal 237)
   defining Unicode char U+00EE (decimal 238)
   defining Unicode char U+00EF (decimal 239)
   defining Unicode char U+00F0 (decimal 240)
   defining Unicode char U+00F1 (decimal 241)
   defining Unicode char U+00F2 (decimal 242)
   defining Unicode char U+00F3 (decimal 243)
   defining Unicode char U+00F4 (decimal 244)
   defining Unicode char U+00F5 (decimal 245)
   defining Unicode char U+00F6 (decimal 246)
   defining Unicode char U+00F8 (decimal 248)
   defining Unicode char U+00F9 (decimal 249)
   defining Unicode char U+00FA (decimal 250)
   defining Unicode char U+00FB (decimal 251)
   defining Unicode char U+00FC (decimal 252)
   defining Unicode char U+00FD (decimal 253)
   defining Unicode char U+00FE (decimal 254)
   defining Unicode char U+00FF (decimal 255)
   defining Unicode char U+0102 (decimal 258)
   defining Unicode char U+0103 (decimal 259)
   defining Unicode char U+0104 (decimal 260)
   defining Unicode char U+0105 (decimal 261)
   defining Unicode char U+0106 (decimal 262)
   defining Unicode char U+0107 (decimal 263)
   defining Unicode char U+010C (decimal 268)
   defining Unicode char U+010D (decimal 269)
   defining Unicode char U+010E (decimal 270)
   defining Unicode char U+010F (decimal 271)
   defining Unicode char U+0110 (decimal 272)
   defining Unicode char U+0111 (decimal 273)
   defining Unicode char U+0118 (decimal 280)
   defining Unicode char U+0119 (decimal 281)
   defining Unicode char U+011A (decimal 282)
   defining Unicode char U+011B (decimal 283)
   defining Unicode char U+011E (decimal 286)
   defining Unicode char U+011F (decimal 287)
   defining Unicode char U+0130 (decimal 304)
   defining Unicode char U+0131 (decimal 305)
   defining Unicode char U+0132 (decimal 306)
   defining Unicode char U+0133 (decimal 307)
   defining Unicode char U+0139 (decimal 313)
   defining Unicode char U+013A (decimal 314)
   defining Unicode char U+013D (decimal 317)
   defining Unicode char U+013E (decimal 318)
   defining Unicode char U+0141 (decimal 321)
   defining Unicode char U+0142 (decimal 322)
   defining Unicode char U+0143 (decimal 323)
   defining Unicode char U+0144 (decimal 324)
   defining Unicode char U+0147 (decimal 327)
   defining Unicode char U+0148 (decimal 328)
   defining Unicode char U+014A (decimal 330)
   defining Unicode char U+014B (decimal 331)
   defining Unicode char U+0150 (decimal 336)
   defining Unicode char U+0151 (decimal 337)
   defining Unicode char U+0152 (decimal 338)
   defining Unicode char U+0153 (decimal 339)
   defining Unicode char U+0154 (decimal 340)
   defining Unicode char U+0155 (decimal 341)
   defining Unicode char U+0158 (decimal 344)
   defining Unicode char U+0159 (decimal 345)
   defining Unicode char U+015A (decimal 346)
   defining Unicode char U+015B (decimal 347)
   defining Unicode char U+015E (decimal 350)
   defining Unicode char U+015F (decimal 351)
   defining Unicode char U+0160 (decimal 352)
   defining Unicode char U+0161 (decimal 353)
   defining Unicode char U+0162 (decimal 354)
   defining Unicode char U+0163 (decimal 355)
   defining Unicode char U+0164 (decimal 356)
   defining Unicode char U+0165 (decimal 357)
   defining Unicode char U+016E (decimal 366)
   defining Unicode char U+016F (decimal 367)
   defining Unicode char U+0170 (decimal 368)
   defining Unicode char U+0171 (decimal 369)
   defining Unicode char U+0178 (decimal 376)
   defining Unicode char U+0179 (decimal 377)
   defining Unicode char U+017A (decimal 378)
   defining Unicode char U+017B (decimal 379)
   defining Unicode char U+017C (decimal 380)
   defining Unicode char U+017D (decimal 381)
   defining Unicode char U+017E (decimal 382)
   defining Unicode char U+200C (decimal 8204)
   defining Unicode char U+2013 (decimal 8211)
   defining Unicode char U+2014 (decimal 8212)
   defining Unicode char U+2018 (decimal 8216)
   defining Unicode char U+2019 (decimal 8217)
   defining Unicode char U+201A (decimal 8218)
   defining Unicode char U+201C (decimal 8220)
   defining Unicode char U+201D (decimal 8221)
   defining Unicode char U+201E (decimal 8222)
   defining Unicode char U+2030 (decimal 8240)
   defining Unicode char U+2031 (decimal 8241)
   defining Unicode char U+2039 (decimal 8249)
   defining Unicode char U+203A (decimal 8250)
   defining Unicode char U+2423 (decimal 9251)
)
Now handling font encoding OT1 ...
... processing UTF-8 mapping file for font encoding OT1

(/usr/share/texmf/tex/latex/base/ot1enc.dfu
File: ot1enc.dfu 2008/04/05 v1.1m UTF-8 support for inputenc
   defining Unicode char U+00A1 (decimal 161)
   defining Unicode char U+00A3 (decimal 163)
   defining Unicode char U+00B8 (decimal 184)
   defining Unicode char U+00BF (decimal 191)
   defining Unicode char U+00C5 (decimal 197)
   defining Unicode char U+00C6 (decimal 198)
   defining Unicode char U+00D8 (decimal 216)
   defining Unicode char U+00DF (decimal 223)
   defining Unicode char U+00E6 (decimal 230)
   defining Unicode char U+00EC (decimal 236)
   defining Unicode char U+00ED (decimal 237)
   defining Unicode char U+00EE (decimal 238)
   defining Unicode char U+00EF (decimal 239)
   defining Unicode char U+00F8 (decimal 248)
   defining Unicode char U+0131 (decimal 305)
   defining Unicode char U+0141 (decimal 321)
   defining Unicode char U+0142 (decimal 322)
   defining Unicode char U+0152 (decimal 338)
   defining Unicode char U+0153 (decimal 339)
   defining Unicode char U+2013 (decimal 8211)
   defining Unicode char U+2014 (decimal 8212)
   defining Unicode char U+2018 (decimal 8216)
   defining Unicode char U+2019 (decimal 8217)
   defining Unicode char U+201C (decimal 8220)
   defining Unicode char U+201D (decimal 8221)
)
Now handling font encoding OMS ...
... processing UTF-8 mapping file for font encoding OMS

(/usr/share/texmf/tex/latex/base/omsenc.dfu
File: omsenc.dfu 2008/04/05 v1.1m UTF-8 support for inputenc
   defining Unicode char U+00A7 (decimal 167)
   defining Unicode char U+00B6 (decimal 182)
   defining Unicode char U+00B7 (decimal 183)
   defining Unicode char U+2020 (decimal 8224)
   defining Unicode char U+2021 (decimal 8225)
   defining Unicode char U+2022 (decimal 8226)
)
Now handling font encoding OMX ...
... no UTF-8 mapping file for font encoding OMX
Now handling font encoding U ...
... no UTF-8 mapping file for font encoding U
   defining Unicode char U+00A9 (decimal 169)
   defining Unicode char U+00AA (decimal 170)
   defining Unicode char U+00AE (decimal 174)
   defining Unicode char U+00BA (decimal 186)
   defining Unicode char U+02C6 (decimal 710)
   defining Unicode char U+02DC (decimal 732)
   defining Unicode char U+200C (decimal 8204)
   defining Unicode char U+2026 (decimal 8230)
   defining Unicode char U+2122 (decimal 8482)
   defining Unicode char U+2423 (decimal 9251)
))
(/usr/share/texmf/tex/latex/base/fontenc.sty
Package: fontenc 2005/09/27 v1.99g Standard LaTeX package

(/usr/share/texmf/tex/latex/base/t1enc.def
File: t1enc.def 2005/09/27 v1.99g Standard LaTeX file
LaTeX Font Info:    Redeclaring font encoding T1 on input line 43.
))
(/usr/share/texmf/tex/latex/amsmath/amsmath.sty
Package: amsmath 2013/01/14 v2.14 AMS math features
\@mathmargin=\skip43

For additional information on amsmath, use the `?' option.
(/usr/share/texmf/tex/latex/amsmath/amstext.sty
Package: amstext 2000/06/29 v2.01

(/usr/share/texmf/tex/latex/amsmath/amsgen.sty
File: amsgen.sty 1999/11/30 v2.0
\@emptytoks=\toks16
\ex@=\dimen103
))
(/usr/share/texmf/tex/latex/amsmath/amsbsy.sty
Package: amsbsy 1999/11/29 v1.2d
\pmbraise@=\dimen104
)
(/usr/share/texmf/tex/latex/amsmath/amsopn.sty
Package: amsopn 1999/12/14 v2.01 operator names
)
\inf@bad=\count88
LaTeX Info: Redefining \frac on input line 210.
\uproot@=\count89
\leftroot@=\count90
LaTeX Info: Redefining \overline on input line 306.
\classnum@=\count91
\DOTSCASE@=\count92
LaTeX Info: Redefining \ldots on input line 378.
LaTeX Info: Redefining \dots on input line 381.
LaTeX Info: Redefining \cdots on input line 466.
\Mathstrutbox@=\box26
\strutbox@=\box27
\big@size=\dimen105
LaTeX Font Info:    Redeclaring font encoding OML on input line 566.
LaTeX Font Info:    Redeclaring font encoding OMS on input line 567.
\macc@depth=\count93
\c@MaxMatrixCols=\count94
\dotsspace@=\muskip10
\c@parentequation=\count95
\dspbrk@lvl=\count96
\tag@help=\toks17
\row@=\count97
\column@=\count98
\maxfields@=\count99
\andhelp@=\toks18
\eqnshift@=\dimen106
\alignsep@=\dimen107
\tagshift@=\dimen108
\tagwidth@=\dimen109
\totwidth@=\dimen110
\lineht@=\dimen111
\@envbody=\toks19
\multlinegap=\skip44
\multlinetaggap=\skip45
\mathdisplay@stack=\toks20
LaTeX Info: Redefining \[ on input line 2665.
LaTeX Info: Redefining \] on input line 2666.
)
(/usr/share/texmf/tex/latex/amsfonts/amsfonts.sty
Package: amsfonts 2013/01/14 v3.01 Basic AMSFonts support
\symAMSa=\mathgroup4
\symAMSb=\mathgroup5
LaTeX Font Info:    Overwriting math alphabet `\mathfrak' in version `bold'
(Font)                  U/euf/m/n --> U/euf/b/n on input line 106.
)
(/usr/share/texmf/tex/latex/amsfonts/amssymb.sty
Package: amssymb 2013/01/14 v3.01 AMS font symbols
)
(/usr/share/texmf/tex/latex/graphics/graphicx.sty
Package: graphicx 1999/02/16 v1.0f Enhanced LaTeX Graphics (DPC,SPQR)

(/usr/share/texmf/tex/latex/graphics/keyval.sty
Package: keyval 1999/03/16 v1.13 key=value parser (DPC)
\KV@toks@=\toks21
)
(/usr/share/texmf/tex/latex/graphics/graphics.sty
Package: graphics 2009/02/05 v1.0o Standard LaTeX Graphics (DPC,SPQR)

(/usr/share/texmf/tex/latex/graphics/trig.sty
Package: trig 1999/03/16 v1.09 sin cos tan (DPC)
)
(/usr/share/texmf/tex/latex/latexconfig/graphics.cfg
File: graphics.cfg 2010/04/23 v1.9 graphics configuration of TeX Live
)
Package graphics Info: Driver file: pdftex.def on input line 91.

(/usr/share/texmf/tex/latex/pdftex-def/pdftex.def
File: pdftex.def 2011/05/27 v0.06d Graphics/color for pdfTeX

(/usr/share/texmf/tex/generic/oberdiek/infwarerr.sty
Package: infwarerr 2010/04/08 v1.3 Providing info/warning/error messages (HO)
)
(/usr/share/texmf/tex/generic/oberdiek/ltxcmds.sty
Package: ltxcmds 2011/11/09 v1.22 LaTeX kernel commands for general use (HO)
)
\Gread@gobject=\count100
))
\Gin@req@height=\dimen112
\Gin@req@width=\dimen113
)
(/usr/share/texmf/tex/latex/float/float.sty
Package: float 2001/11/08 v1.3d Float enhancements (AL)
\c@float@type=\count101
\float@exts=\toks22
\float@box=\box28
\@float@everytoks=\toks23
\@floatcapt=\box29
) (./algorithm2e.sty
Package: algorithm2e 2013/01/06 v5.00 algorithms environments
\c@AlgoLine=\count102

(/usr/share/texmf/tex/latex/base/ifthen.sty
Package: ifthen 2001/05/26 v1.1c Standard LaTeX ifthen package (DPC)
)
(/usr/share/texmf/tex/latex/tools/xspace.sty
Package: xspace 2009/10/20 v1.13 Space after command names (DPC,MH)
)
(/usr/share/texmf/tex/latex/relsize/relsize.sty
Package: relsize 2013/03/29 ver 4.1
)
********************************************************
Package `algorithm2e' Release 5.0 -- january 06 2013 --
- algorithm2e-announce@lirmm.fr mailing list for announcement about releases
- algorithm2e-discussion@lirmm.fr mailing list for discussion about package
subscribe by emailing sympa@lirmm.fr with 'subscribe <list> <firstname name>'
- Author: Christophe Fiorio (cfiorio@um2.fr)
********************************************************
\skiptotal=\skip46
\skiplinenumber=\skip47
\skiprule=\skip48
\skiphlne=\skip49
\skiptext=\skip50
\skiplength=\skip51
\algomargin=\skip52
\skipalgocfslide=\skip53
\algowidth=\dimen114
\inoutsize=\dimen115
\inoutindent=\dimen116
\interspacetitleruled=\dimen117
\interspacealgoruled=\dimen118
\interspacetitleboxruled=\dimen119
\algocf@inoutbox=\box30
\algocf@inputbox=\box31
\AlCapSkip=\skip54
\AlCapHSkip=\skip55
\algoskipindent=\skip56
\algocf@nlbox=\box32
\algocf@hangingbox=\box33
\algocf@untilbox=\box34
\algocf@skipuntil=\skip57
\algocf@capbox=\box35
\algoheightruledefault=\skip58
\algoheightrule=\skip59
\algotitleheightruledefault=\skip60
\algotitleheightrule=\skip61
\c@algocfline=\count103
\c@algocfproc=\count104
\c@algocf=\count105
\algocf@algoframe=\box36
\algocf@algobox=\box37
) (/usr/share/texmf/tex/latex/graphics/color.sty
Package: color 2005/11/14 v1.0j Standard LaTeX Color (DPC)

(/usr/share/texmf/tex/latex/latexconfig/color.cfg
File: color.cfg 2007/01/18 v1.5 color configuration of teTeX/TeXLive
)
Package color Info: Driver file: pdftex.def on input line 130.

(/usr/share/texmf/tex/latex/graphics/dvipsnam.def
File: dvipsnam.def 1999/02/16 v3.0i Driver-dependant file (DPC,SPQR)
))
(/usr/share/texmf/tex/latex/fancyhdr/fancyhdr.sty
\fancy@headwidth=\skip62
\f@ncyO@elh=\skip63
\f@ncyO@erh=\skip64
\f@ncyO@olh=\skip65
\f@ncyO@orh=\skip66
\f@ncyO@elf=\skip67
\f@ncyO@erf=\skip68
\f@ncyO@olf=\skip69
\f@ncyO@orf=\skip70
)
(/usr/share/texmf/tex/latex/appendix/appendix.sty
Package: appendix 2009/09/02 v1.2b extra appendix facilities
\c@@pps=\count106
\c@@ppsavesec=\count107
\c@@ppsaveapp=\count108
)
(/usr/share/texmf/tex/latex/subfig/subfig.sty
Package: subfig 2005/06/28 ver: 1.3 subfig package

(/usr/share/texmf/tex/latex/caption/caption.sty
Package: caption 2013/05/02 v3.3-89 Customizing captions (AR)

(/usr/share/texmf/tex/latex/caption/caption3.sty
Package: caption3 2013/05/02 v1.6-88 caption3 kernel (AR)
Package caption3 Info: TeX engine: e-TeX on input line 57.
\captionmargin=\dimen120
\captionmargin@=\dimen121
\captionwidth=\dimen122
\caption@tempdima=\dimen123
\caption@indent=\dimen124
\caption@parindent=\dimen125
\caption@hangindent=\dimen126
)
\c@ContinuedFloat=\count109
Package caption Info: float package is loaded.
)
\c@KVtest=\count110
\sf@farskip=\skip71
\sf@captopadj=\dimen127
\sf@capskip=\skip72
\sf@nearskip=\skip73
\c@subfigure=\count111
\c@subfigure@save=\count112
\c@lofdepth=\count113
\c@subtable=\count114
\c@subtable@save=\count115
\c@lotdepth=\count116
\sf@top=\skip74
\sf@bottom=\skip75
)
(/usr/share/texmf/tex/latex/listings/listings.sty
\lst@mode=\count117
\lst@gtempboxa=\box38
\lst@token=\toks24
\lst@length=\count118
\lst@currlwidth=\dimen128
\lst@column=\count119
\lst@pos=\count120
\lst@lostspace=\dimen129
\lst@width=\dimen130
\lst@newlines=\count121
\lst@lineno=\count122
\lst@maxwidth=\dimen131

(/usr/share/texmf/tex/latex/listings/lstmisc.sty
File: lstmisc.sty 2007/02/22 1.4 (Carsten Heinz)
\c@lstnumber=\count123
\lst@skipnumbers=\count124
\lst@framebox=\box39
)
(/usr/share/texmf/tex/latex/listings/listings.cfg
File: listings.cfg 2007/02/22 1.4 listings configuration
))
Package: listings 2007/02/22 1.4 (Carsten Heinz)

(/usr/share/texmf/tex/latex/listings/lstlang1.sty
File: lstlang1.sty 2004/09/05 1.3 listings language file
)
(/usr/share/texmf/tex/latex/listings/lstlang1.sty
File: lstlang1.sty 2004/09/05 1.3 listings language file
)
(/usr/share/texmf/tex/latex/listings/lstmisc.sty
File: lstmisc.sty 2007/02/22 1.4 (Carsten Heinz)
) (./masterThesis_Vaillant.aux

LaTeX Warning: Label `fig:poster' multiply defined.


LaTeX Warning: Label `fig:multipole' multiply defined.


LaTeX Warning: Label `fig:triArray' multiply defined.


LaTeX Warning: Label `fig:magnitude' multiply defined.

)
\openout1 = `masterThesis_Vaillant.aux'.

LaTeX Font Info:    Checking defaults for OML/cmm/m/it on input line 56.
LaTeX Font Info:    ... okay on input line 56.
LaTeX Font Info:    Checking defaults for T1/cmr/m/n on input line 56.
LaTeX Font Info:    ... okay on input line 56.
LaTeX Font Info:    Checking defaults for OT1/cmr/m/n on input line 56.
LaTeX Font Info:    ... okay on input line 56.
LaTeX Font Info:    Checking defaults for OMS/cmsy/m/n on input line 56.
LaTeX Font Info:    ... okay on input line 56.
LaTeX Font Info:    Checking defaults for OMX/cmex/m/n on input line 56.
LaTeX Font Info:    ... okay on input line 56.
LaTeX Font Info:    Checking defaults for U/cmr/m/n on input line 56.
LaTeX Font Info:    ... okay on input line 56.
 (/usr/share/texmf/tex/context/base/supp-pdf.mkii
[Loading MPS to PDF converter (version 2006.09.02).]
\scratchcounter=\count125
\scratchdimen=\dimen132
\scratchbox=\box40
\nofMPsegments=\count126
\nofMParguments=\count127
\everyMPshowfont=\toks25
\MPscratchCnt=\count128
\MPscratchDim=\dimen133
\MPnumerator=\count129
\makeMPintoPDFobject=\count130
\everyMPtoPDFconversion=\toks26
) (/usr/share/texmf/tex/generic/oberdiek/pdftexcmds.sty
Package: pdftexcmds 2011/11/29 v0.20 Utility functions of pdfTeX for LuaTeX (HO
)

(/usr/share/texmf/tex/generic/oberdiek/ifluatex.sty
Package: ifluatex 2010/03/01 v1.3 Provides the ifluatex switch (HO)
Package ifluatex Info: LuaTeX not detected.
)
(/usr/share/texmf/tex/generic/oberdiek/ifpdf.sty
Package: ifpdf 2011/01/30 v2.3 Provides the ifpdf switch (HO)
Package ifpdf Info: pdfTeX in PDF mode is detected.
)
Package pdftexcmds Info: LuaTeX not detected.
Package pdftexcmds Info: \pdf@primitive is available.
Package pdftexcmds Info: \pdf@ifprimitive is available.
Package pdftexcmds Info: \pdfdraftmode found.
)
(/usr/share/texmf/tex/latex/oberdiek/epstopdf-base.sty
Package: epstopdf-base 2010/02/09 v2.5 Base part for package epstopdf

(/usr/share/texmf/tex/latex/oberdiek/grfext.sty
Package: grfext 2010/08/19 v1.1 Manage graphics extensions (HO)

(/usr/share/texmf/tex/generic/oberdiek/kvdefinekeys.sty
Package: kvdefinekeys 2011/04/07 v1.3 Define keys (HO)
))
(/usr/share/texmf/tex/latex/oberdiek/kvoptions.sty
Package: kvoptions 2011/06/30 v3.11 Key value format for package options (HO)

(/usr/share/texmf/tex/generic/oberdiek/kvsetkeys.sty
Package: kvsetkeys 2012/04/25 v1.16 Key value parser (HO)

(/usr/share/texmf/tex/generic/oberdiek/etexcmds.sty
Package: etexcmds 2011/02/16 v1.5 Avoid name clashes with e-TeX commands (HO)
Package etexcmds Info: Could not find \expanded.
(etexcmds)             That can mean that you are not using pdfTeX 1.50 or
(etexcmds)             that some package has redefined \expanded.
(etexcmds)             In the latter case, load this package earlier.
)))
Package grfext Info: Graphics extension search list:
(grfext)             [.png,.pdf,.jpg,.mps,.jpeg,.jbig2,.jb2,.PNG,.PDF,.JPG,.JPE
G,.JBIG2,.JB2,.eps]
(grfext)             \AppendGraphicsExtensions on input line 452.

(/usr/share/texmf/tex/latex/latexconfig/epstopdf-sys.cfg
File: epstopdf-sys.cfg 2010/07/13 v1.3 Configuration of (r)epstopdf for TeX Liv
e
))
Package caption Info: Begin \AtBeginDocument code.
Package caption Info: subfig package v1.3 is loaded.
Package caption Info: listings package is loaded.
Package caption Info: End \AtBeginDocument code.
\c@lstlisting=\count131
LaTeX Font Info:    Try loading font information for U+msa on input line 58.

(/usr/share/texmf/tex/latex/amsfonts/umsa.fd
File: umsa.fd 2013/01/14 v3.01 AMS symbols A
)
LaTeX Font Info:    Try loading font information for U+msb on input line 58.

(/usr/share/texmf/tex/latex/amsfonts/umsb.fd
File: umsb.fd 2013/01/14 v3.01 AMS symbols B
) [1

{/var/lib/texmf/fonts/map/pdftex/updmap/pdftex.map}]
Underfull \hbox (badness 10000) in paragraph at lines 67--71

 []


Underfull \hbox (badness 10000) in paragraph at lines 67--71

 []


Underfull \hbox (badness 10000) in paragraph at lines 67--71

 []

[2

]
Underfull \hbox (badness 10000) in paragraph at lines 80--81

 []

[3

] (./masterThesis_Vaillant.toc [4

])
\tf@toc=\write3
\openout3 = `masterThesis_Vaillant.toc'.



Package Fancyhdr Warning: \headheight is too small (12.0pt): 
 Make it at least 13.59999pt.
 We now make it that large for the rest of the document.
 This may cause the page layout to be inconsistent, however.

[5]
Chapter 1.

Underfull \hbox (badness 10000) in paragraph at lines 89--90

 []

LaTeX Font Info:    Try loading font information for OMS+cmr on input line 94.
(/usr/share/texmf/tex/latex/base/omscmr.fd
File: omscmr.fd 1999/05/25 v2.5h Standard LaTeX font definitions
)
LaTeX Font Info:    Font shape `OMS/cmr/m/n' in size <10.95> not available
(Font)              Font shape `OMS/cmsy/m/n' tried instead on input line 94.

Underfull \hbox (badness 10000) in paragraph at lines 110--111

 []

[6

] [7]
Chapter 2.
<sppexa-poster.png, id=36, 144.54pt x 202.1151pt>
File: sppexa-poster.png Graphic file (type png)
 <use sppexa-poster.png>
Package pdftex.def Info: sppexa-poster.png used on input line 130.
(pdftex.def)             Requested size: 289.07925pt x 404.22919pt.

Underfull \vbox (badness 10000) has occurred while \output is active []

 [8

]
Underfull \hbox (badness 10000) in paragraph at lines 137--138

 []

[9 <./sppexa-poster.png>]
Chapter 3.
[10

]
Underfull \hbox (badness 10000) in paragraph at lines 179--180

 []


Underfull \hbox (badness 10000) in paragraph at lines 184--185

 []

LaTeX Font Info:    Try loading font information for T1+cmss on input line 211.

(/usr/share/texmf/tex/latex/base/t1cmss.fd
File: t1cmss.fd 1999/05/25 v2.5h Standard LaTeX font definitions
)
LaTeX Font Info:    Try loading font information for T1+cmtt on input line 211.


(/usr/share/texmf/tex/latex/base/t1cmtt.fd
File: t1cmtt.fd 1999/05/25 v2.5h Standard LaTeX font definitions
) [11]
Underfull \hbox (badness 10000) in paragraph at lines 235--236

 []

<artefact.jpeg, id=62, 419.63226pt x 292.88368pt>
File: artefact.jpeg Graphic file (type jpg)
 <use artefact.jpeg>
Package pdftex.def Info: artefact.jpeg used on input line 241.
(pdftex.def)             Requested size: 335.70627pt x 234.30725pt.

Underfull \hbox (badness 10000) in paragraph at lines 252--253

 []

[12 <./artefact.jpeg>]
Underfull \hbox (badness 10000) in paragraph at lines 274--276

 []


Underfull \hbox (badness 10000) in paragraph at lines 286--287

 []


Underfull \hbox (badness 10000) in paragraph at lines 288--289

 []


Underfull \hbox (badness 10000) in paragraph at lines 290--291

 []

[13]
Underfull \hbox (badness 10000) in paragraph at lines 305--306

 []


Underfull \hbox (badness 10000) in paragraph at lines 319--320

 []


Underfull \hbox (badness 10000) in paragraph at lines 340--341

 []


Underfull \hbox (badness 10000) in paragraph at lines 346--347

 []

[14]
Underfull \hbox (badness 10000) in paragraph at lines 370--372

 []


Underfull \hbox (badness 10000) in paragraph at lines 383--384

 []

<scalingMUC.jpeg, id=75, 596.98032pt x 465.23813pt>
File: scalingMUC.jpeg Graphic file (type jpg)
 <use scalingMUC.jpeg>
Package pdftex.def Info: scalingMUC.jpeg used on input line 388.
(pdftex.def)             Requested size: 358.19095pt x 279.14502pt.

[15]

LaTeX Warning: Reference `potential' on page 16 undefined on input line 403.

<distance.jpeg, id=81, 812.84323pt x 270.82231pt>
File: distance.jpeg Graphic file (type jpg)
 <use distance.jpeg>
Package pdftex.def Info: distance.jpeg used on input line 414.
(pdftex.def)             Requested size: 325.13153pt x 108.327pt.
 [16 <./scalingMUC.jpeg>] [17 <./distance.jpeg>]
<bipolar.jpeg, id=88, 599.14162pt x 335.48495pt>
File: bipolar.jpeg Graphic file (type jpg)
 <use bipolar.jpeg>
Package pdftex.def Info: bipolar.jpeg used on input line 486.
(pdftex.def)             Requested size: 419.39627pt x 234.83786pt.

Overfull \hbox (59.39627pt too wide) in paragraph at lines 486--488
 [][] 
 []

[18 <./bipolar.jpeg>] <BoxDepth.jpeg, id=92, 428.95741pt x 116.39273pt>
File: BoxDepth.jpeg Graphic file (type jpg)

<use BoxDepth.jpeg>
Package pdftex.def Info: BoxDepth.jpeg used on input line 510.
(pdftex.def)             Requested size: 386.0581pt x 104.75247pt.

Overfull \hbox (26.0581pt too wide) in paragraph at lines 510--512
 [][] 
 []

<separation.jpeg, id=93, 500.45032pt x 157.47252pt>
File: separation.jpeg Graphic file (type jpg)
 <use separation.jpeg>
Package pdftex.def Info: separation.jpeg used on input line 529.
(pdftex.def)             Requested size: 350.31282pt x 110.23pt.

Underfull \vbox (badness 10000) has occurred while \output is active []

 [19 <./BoxDepth.jpeg>] <ShiftMultipole.jpeg, id=98, 827.60806pt x 330.92053pt>
File: ShiftMultipole.jpeg Graphic file (type jpg)

<use ShiftMultipole.jpeg>
Package pdftex.def Info: ShiftMultipole.jpeg used on input line 571.
(pdftex.def)             Requested size: 331.03735pt x 132.36586pt.
 [20 <./separation.jpeg>]
<transformExpansions1.jpeg, id=102, 477.91452pt x 195.50937pt>
File: transformExpansions1.jpeg Graphic file (type jpg)

<use transformExpansions1.jpeg>
Package pdftex.def Info: transformExpansions1.jpeg used on input line 585.
(pdftex.def)             Requested size: 382.33212pt x 156.4077pt.

Overfull \hbox (22.33212pt too wide) in paragraph at lines 585--587
 [][] 
 []

<transformExpansions2.jpeg, id=103, 408.7529pt x 160.51547pt>
File: transformExpansions2.jpeg Graphic file (type jpg)

<use transformExpansions2.jpeg>
Package pdftex.def Info: transformExpansions2.jpeg used on input line 600.
(pdftex.def)             Requested size: 245.25362pt x 96.31001pt.

<transformExpansions3.jpeg, id=104, 390.10258pt x 168.12285pt>
File: transformExpansions3.jpeg Graphic file (type jpg)

<use transformExpansions3.jpeg>
Package pdftex.def Info: transformExpansions3.jpeg used on input line 601.
(pdftex.def)             Requested size: 234.06335pt x 100.87447pt.

Overfull \hbox (122.94751pt too wide) in paragraph at lines 600--603
 [][][] 
 []

[21 <./ShiftMultipole.jpeg> <./transformExpansions1.jpeg>]

Package caption Warning: \label without proper \caption on input line 584.
See the caption package documentation for explanation.


LaTeX Warning: Reference `fig:M2L' on page 22 undefined on input line 614.

<L2L_1.jpeg, id=108, 919.30548pt x 406.23347pt>
File: L2L_1.jpeg Graphic file (type jpg)
 <use L2L_1.jpeg>
Package pdftex.def Info: L2L_1.jpeg used on input line 622.
(pdftex.def)             Requested size: 367.71568pt x 162.4905pt.

Overfull \hbox (7.71568pt too wide) in paragraph at lines 622--624
 [][] 
 []

[22 <./transformExpansions2.jpeg> <./transformExpansions3.jpeg> <./L2L_1.jpeg>]

Package caption Warning: \label without proper \caption on input line 584.
See the caption package documentation for explanation.


LaTeX Warning: Reference `fig:M2L' on page 23 undefined on input line 635.

<farfield.jpeg, id=112, 805.07227pt x 362.87148pt>
File: farfield.jpeg Graphic file (type jpg)
 <use farfield.jpeg>
Package pdftex.def Info: farfield.jpeg used on input line 644.
(pdftex.def)             Requested size: 402.53514pt x 181.43529pt.

Overfull \hbox (42.53514pt too wide) in paragraph at lines 644--646
 [][] 
 []

[23 <./farfield.jpeg>]
Chapter 4.
[24

] [25] [26]
Overfull \hbox (23.6249pt too wide) in paragraph at lines 788--788
[]\T1/cmr/bx/n/14.4 Comparing GRO-MACS(PME) and fm-solvr(FMM) 
 []


Overfull \hbox (7.79411pt too wide) in paragraph at lines 810--810
[]\T1/cmtt/m/n/10.95 type atnum         mass   charge ptype           sigma  ep
silon\\[] 
 []

[27]
Underfull \hbox (badness 10000) in paragraph at lines 859--860

 []

[28] <dipoleCorrection.jpeg, id=133, 2409.0pt x 1345.025pt>
File: dipoleCorrection.jpeg Graphic file (type jpg)

<use dipoleCorrection.jpeg>
Package pdftex.def Info: dipoleCorrection.jpeg used on input line 883.
(pdftex.def)             Requested size: 481.79147pt x 269.00023pt.

Overfull \hbox (121.79147pt too wide) in paragraph at lines 883--886
 [][] 
 []


Underfull \vbox (badness 10000) has occurred while \output is active []

 [29]
<triArray.jpeg, id=137, 226.91226pt x 213.76706pt>
File: triArray.jpeg Graphic file (type jpg)
 <use triArray.jpeg>
Package pdftex.def Info: triArray.jpeg used on input line 903.
(pdftex.def)             Requested size: 226.9117pt x 213.76653pt.

Underfull \vbox (badness 10000) has occurred while \output is active []

 [30 <./dipoleCorrection.jpeg>]
Underfull \hbox (badness 10000) in paragraph at lines 928--929

 []

[31 <./triArray.jpeg>]
<hist_nocorrection.jpeg, id=146, 1213.82516pt x 737.154pt>
File: hist_nocorrection.jpeg Graphic file (type jpg)

<use hist_nocorrection.jpeg>
Package pdftex.def Info: hist_nocorrection.jpeg used on input line 983.
(pdftex.def)             Requested size: 327.73717pt x 199.03424pt.
Package epstopdf Info: Source file: <hist_correction.eps>
(epstopdf)                    date: 2015-08-13 13:57:23
(epstopdf)                    size: 31700 bytes
(epstopdf)             Output file: <hist_correction-eps-converted-to.pdf>
(epstopdf)                    date: 2015-08-13 13:57:53
(epstopdf)                    size: 14844 bytes
(epstopdf)             Command: <repstopdf --outfile=hist_correction-eps-conver
ted-to.pdf hist_correction.eps>
(epstopdf)             \includegraphics on input line 984.
Package epstopdf Info: Output file is already uptodate.

<hist_correction-eps-converted-to.pdf, id=147, 1734.48pt x 989.6975pt>
File: hist_correction-eps-converted-to.pdf Graphic file (type pdf)

<use hist_correction-eps-converted-to.pdf>
Package pdftex.def Info: hist_correction-eps-converted-to.pdf used on input lin
e 984.
(pdftex.def)             Requested size: 364.25156pt x 207.8426pt.

Overfull \hbox (7.8821pt too wide) in paragraph at lines 984--985
 [][] 
 []


Underfull \vbox (badness 10000) has occurred while \output is active []

 [32]
<magErr_Correction.jpeg, id=151, 2409.0pt x 1375.1375pt>
File: magErr_Correction.jpeg Graphic file (type jpg)

<use magErr_Correction.jpeg>
Package pdftex.def Info: magErr_Correction.jpeg used on input line 996.
(pdftex.def)             Requested size: 481.79147pt x 275.02263pt.

Overfull \hbox (121.79147pt too wide) in paragraph at lines 996--999
 [][] 
 []


Underfull \vbox (badness 10000) has occurred while \output is active []

 [33 <./hist_nocorrection.jpeg> <./hist_correction-eps-converted-to.pdf>] [34 <
./magErr_Correction.jpeg>] <nacl.jpeg, id=187, 462.97969pt x 512.66531pt>
File: nacl.jpeg Graphic file (type jpg)
 <use nacl.jpeg>
Package pdftex.def Info: nacl.jpeg used on input line 1017.
(pdftex.def)             Requested size: 185.18858pt x 205.06248pt.

[35 <./nacl.jpeg>]
Underfull \hbox (badness 10000) in paragraph at lines 1070--1071

 []

Package epstopdf Info: Source file: <madelung_FMM_WS1.eps>
(epstopdf)                    date: 2015-08-24 14:41:42
(epstopdf)                    size: 9741978 bytes
(epstopdf)             Output file: <madelung_FMM_WS1-eps-converted-to.pdf>
(epstopdf)                    date: 2015-08-24 14:43:03
(epstopdf)                    size: 321748 bytes
(epstopdf)             Command: <repstopdf --outfile=madelung_FMM_WS1-eps-conve
rted-to.pdf madelung_FMM_WS1.eps>
(epstopdf)             \includegraphics on input line 1075.
Package epstopdf Info: Output file is already uptodate.
<madelung_FMM_WS1-eps-converted-to.pdf, id=191, 1734.48pt x 967.615pt>
File: madelung_FMM_WS1-eps-converted-to.pdf Graphic file (type pdf)

<use madelung_FMM_WS1-eps-converted-to.pdf>
Package pdftex.def Info: madelung_FMM_WS1-eps-converted-to.pdf used on input li
ne 1075.
(pdftex.def)             Requested size: 346.88986pt x 193.51958pt.
Package epstopdf Info: Source file: <madelung_FMM_WS2.eps>
(epstopdf)                    date: 2015-08-24 14:42:17
(epstopdf)                    size: 9743142 bytes
(epstopdf)             Output file: <madelung_FMM_WS2-eps-converted-to.pdf>
(epstopdf)                    date: 2015-08-24 14:43:04
(epstopdf)                    size: 229448 bytes
(epstopdf)             Command: <repstopdf --outfile=madelung_FMM_WS2-eps-conve
rted-to.pdf madelung_FMM_WS2.eps>
(epstopdf)             \includegraphics on input line 1076.
Package epstopdf Info: Output file is already uptodate.

<madelung_FMM_WS2-eps-converted-to.pdf, id=192, 1734.48pt x 967.615pt>
File: madelung_FMM_WS2-eps-converted-to.pdf Graphic file (type pdf)

<use madelung_FMM_WS2-eps-converted-to.pdf>
Package pdftex.def Info: madelung_FMM_WS2-eps-converted-to.pdf used on input li
ne 1076.
(pdftex.def)             Requested size: 346.88986pt x 193.51958pt.
Package epstopdf Info: Source file: <madelung_FMM_WS3.eps>
(epstopdf)                    date: 2015-08-24 14:42:49
(epstopdf)                    size: 9741820 bytes
(epstopdf)             Output file: <madelung_FMM_WS3-eps-converted-to.pdf>
(epstopdf)                    date: 2015-08-24 14:43:04
(epstopdf)                    size: 210408 bytes
(epstopdf)             Command: <repstopdf --outfile=madelung_FMM_WS3-eps-conve
rted-to.pdf madelung_FMM_WS3.eps>
(epstopdf)             \includegraphics on input line 1077.
Package epstopdf Info: Output file is already uptodate.

<madelung_FMM_WS3-eps-converted-to.pdf, id=193, 1734.48pt x 967.615pt>
File: madelung_FMM_WS3-eps-converted-to.pdf Graphic file (type pdf)

<use madelung_FMM_WS3-eps-converted-to.pdf>
Package pdftex.def Info: madelung_FMM_WS3-eps-converted-to.pdf used on input li
ne 1077.
(pdftex.def)             Requested size: 346.88986pt x 193.51958pt.

Underfull \vbox (badness 10000) has occurred while \output is active []

 [36]
Overfull \vbox (88.95847pt too high) has occurred while \output is active []


[37 <./madelung_FMM_WS1-eps-converted-to.pdf> <./madelung_FMM_WS2-eps-converted
-to.pdf> <./madelung_FMM_WS3-eps-converted-to.pdf>]
Package epstopdf Info: Source file: <madelung_PME.eps>
(epstopdf)                    date: 2015-08-24 15:16:05
(epstopdf)                    size: 9805982 bytes
(epstopdf)             Output file: <madelung_PME-eps-converted-to.pdf>
(epstopdf)                    date: 2015-08-24 15:16:15
(epstopdf)                    size: 267282 bytes
(epstopdf)             Command: <repstopdf --outfile=madelung_PME-eps-converted
-to.pdf madelung_PME.eps>
(epstopdf)             \includegraphics on input line 1088.
Package epstopdf Info: Output file is already uptodate.

<madelung_PME-eps-converted-to.pdf, id=313, 1734.48pt x 967.615pt>
File: madelung_PME-eps-converted-to.pdf Graphic file (type pdf)

<use madelung_PME-eps-converted-to.pdf>
Package pdftex.def Info: madelung_PME-eps-converted-to.pdf used on input line 1
088.
(pdftex.def)             Requested size: 433.61894pt x 241.90315pt.

Overfull \hbox (73.61894pt too wide) in paragraph at lines 1088--1090
 [][] 
 []

[38 <./madelung_PME-eps-converted-to.pdf>]
Chapter 5.
(./masterThesis_Vaillant.bbl [39

]
Underfull \hbox (badness 1286) in paragraph at lines 18--21
[]\T1/cmr/m/n/10.95 H. Dachsel.  Cor-rected ar-ti-cle:^^Pan error-controlled fa
st mul-ti-pole
 []


Underfull \hbox (badness 1635) in paragraph at lines 29--32
[]\T1/cmr/m/n/10.95 L. Green-gard.  Fast al-go-rithms for clas-si-cal physics. 
 \T1/cmr/m/it/10.95 Sci-ence\T1/cmr/m/n/10.95 ,
 []

[40

]) [41] [42


]
Appendix A.
[43

]
Appendix B.

Overfull \hbox (36.08597pt too wide) in paragraph at lines 1148--1148
[]\T1/cmtt/m/n/10.95 CRYST1  100.000  100.000  100.000  90.00  90.00  90.00 P 1
           1[] 
 []

[44

]
Overfull \hbox (2.13574pt too wide) in paragraph at lines 1197--1197
[]\T1/cmtt/m/n/10.95 ;type atnum         mass   charge ptype           sigma  e
psilon[] 
 []

[45]
Overfull \hbox (24.76923pt too wide) in paragraph at lines 1250--1250
[]\T1/cmtt/m/n/10.95 ; Relative dielectric constant for the medium and the reac
tion field[] 
 []


Overfull \hbox (7.79411pt too wide) in paragraph at lines 1250--1250
[]\T1/cmtt/m/n/10.95 ; Apply long range dispersion corrections for Energy and P
ressure[] 
 []

[46] (./masterThesis_Vaillant.aux)

LaTeX Warning: There were undefined references.


LaTeX Warning: There were multiply-defined labels.

 ) 
Here is how much of TeX's memory you used:
 8043 strings out of 493315
 111089 string characters out of 6145894
 243722 words of memory out of 5000000
 11312 multiletter control sequences out of 15000+600000
 28065 words of font info for 73 fonts, out of 8000000 for 9000
 957 hyphenation exceptions out of 8191
 44i,19n,58p,669b,1829s stack positions out of 5000i,500n,10000p,200000b,80000s
{/usr/share/texmf/fonts/enc/dvips/cm-super/cm-super-t1.enc}</usr/share/texmf/
fonts/type1/public/amsfonts/cm/cmex10.pfb></usr/share/texmf/fonts/type1/public/
amsfonts/cm/cmmi10.pfb></usr/share/texmf/fonts/type1/public/amsfonts/cm/cmmi12.
pfb></usr/share/texmf/fonts/type1/public/amsfonts/cm/cmmi6.pfb></usr/share/texm
f/fonts/type1/public/amsfonts/cm/cmmi8.pfb></usr/share/texmf/fonts/type1/public
/amsfonts/cm/cmmi9.pfb></usr/share/texmf/fonts/type1/public/amsfonts/cm/cmr10.p
fb></usr/share/texmf/fonts/type1/public/amsfonts/cm/cmr12.pfb></usr/share/texmf
/fonts/type1/public/amsfonts/cm/cmr6.pfb></usr/share/texmf/fonts/type1/public/a
msfonts/cm/cmr8.pfb></usr/share/texmf/fonts/type1/public/amsfonts/cm/cmr9.pfb><
/usr/share/texmf/fonts/type1/public/amsfonts/cm/cmsy10.pfb></usr/share/texmf/fo
nts/type1/public/amsfonts/cm/cmsy6.pfb></usr/share/texmf/fonts/type1/public/ams
fonts/cm/cmsy8.pfb></usr/share/texmf/fonts/type1/public/amsfonts/cm/cmtt8.pfb><
/usr/share/texmf/fonts/type1/public/amsfonts/symbols/msbm10.pfb></usr/share/tex
mf/fonts/type1/public/cm-super/sfbx0800.pfb></usr/share/texmf/fonts/type1/publi
c/cm-super/sfbx1095.pfb></usr/share/texmf/fonts/type1/public/cm-super/sfbx1200.
pfb></usr/share/texmf/fonts/type1/public/cm-super/sfbx1440.pfb></usr/share/texm
f/fonts/type1/public/cm-super/sfbx2074.pfb></usr/share/texmf/fonts/type1/public
/cm-super/sfbx2488.pfb></usr/share/texmf/fonts/type1/public/cm-super/sfrm0600.p
fb></usr/share/texmf/fonts/type1/public/cm-super/sfrm0800.pfb></usr/share/texmf
/fonts/type1/public/cm-super/sfrm0900.pfb></usr/share/texmf/fonts/type1/public/
cm-super/sfrm1095.pfb></usr/share/texmf/fonts/type1/public/cm-super/sfrm1200.pf
b></usr/share/texmf/fonts/type1/public/cm-super/sfrm1728.pfb></usr/share/texmf/
fonts/type1/public/cm-super/sfss1095.pfb></usr/share/texmf/fonts/type1/public/c
m-super/sfti1095.pfb></usr/share/texmf/fonts/type1/public/cm-super/sftt1000.pfb
></usr/share/texmf/fonts/type1/public/cm-super/sftt1095.pfb>
Output written on masterThesis_Vaillant.pdf (46 pages, 3014240 bytes).
PDF statistics:
 482 PDF objects out of 1000 (max. 8388607)
 229 compressed objects within 3 object streams
 0 named destinations out of 1000 (max. 500000)
 116 words of extra memory for PDF output out of 10000 (max. 10000000)

